  [1m[35m (6.9ms)[0m  [1m[35mCREATE TABLE "schema_migrations" ("version" varchar NOT NULL PRIMARY KEY)[0m
  [1m[35m (1.1ms)[0m  [1m[35mCREATE TABLE "ar_internal_metadata" ("key" varchar NOT NULL PRIMARY KEY, "value" varchar, "created_at" datetime NOT NULL, "updated_at" datetime NOT NULL)[0m
  [1m[36mActiveRecord::SchemaMigration Load (0.1ms)[0m  [1m[34mSELECT "schema_migrations".* FROM "schema_migrations"[0m
Migrating to CreateStocks (20180424170800)
  [1m[35m (0.1ms)[0m  [1m[36mbegin transaction[0m
  [1m[35m (0.4ms)[0m  [1m[35mCREATE TABLE "stocks" ("id" INTEGER PRIMARY KEY AUTOINCREMENT NOT NULL, "name" varchar, "bearer_id" integer, "market_price_id" integer, "created_at" datetime NOT NULL, "updated_at" datetime NOT NULL)[0m
  [1m[35m (0.1ms)[0m  [1m[34mselect sqlite_version(*)[0m
  [1m[35m (0.1ms)[0m  [1m[35mCREATE  INDEX "index_stocks_on_bearer_id" ON "stocks" ("bearer_id")[0m
  [1m[35m (0.1ms)[0m  [1m[34m            SELECT sql
            FROM sqlite_master
            WHERE name='index_stocks_on_bearer_id' AND type='index'
            UNION ALL
            SELECT sql
            FROM sqlite_temp_master
            WHERE name='index_stocks_on_bearer_id' AND type='index'
[0m
  [1m[35m (0.1ms)[0m  [1m[35mCREATE  INDEX "index_stocks_on_market_price_id" ON "stocks" ("market_price_id")[0m
  [1m[35mSQL (0.2ms)[0m  [1m[32mINSERT INTO "schema_migrations" ("version") VALUES (?)[0m  [["version", "20180424170800"]]
  [1m[35m (1.1ms)[0m  [1m[36mcommit transaction[0m
Migrating to CreateBearers (20180424170815)
  [1m[35m (0.0ms)[0m  [1m[36mbegin transaction[0m
  [1m[35m (0.3ms)[0m  [1m[35mCREATE TABLE "bearers" ("id" INTEGER PRIMARY KEY AUTOINCREMENT NOT NULL, "name" varchar, "created_at" datetime NOT NULL, "updated_at" datetime NOT NULL)[0m
  [1m[35mSQL (0.1ms)[0m  [1m[32mINSERT INTO "schema_migrations" ("version") VALUES (?)[0m  [["version", "20180424170815"]]
  [1m[35m (0.9ms)[0m  [1m[36mcommit transaction[0m
Migrating to CreateMarketPrices (20180424170854)
  [1m[35m (0.0ms)[0m  [1m[36mbegin transaction[0m
  [1m[35m (0.4ms)[0m  [1m[35mCREATE TABLE "market_prices" ("id" INTEGER PRIMARY KEY AUTOINCREMENT NOT NULL, "currency" varchar, "value_cents" integer, "created_at" datetime NOT NULL, "updated_at" datetime NOT NULL)[0m
  [1m[35mSQL (0.1ms)[0m  [1m[32mINSERT INTO "schema_migrations" ("version") VALUES (?)[0m  [["version", "20180424170854"]]
  [1m[35m (0.8ms)[0m  [1m[36mcommit transaction[0m
  [1m[36mActiveRecord::InternalMetadata Load (0.1ms)[0m  [1m[34mSELECT  "ar_internal_metadata".* FROM "ar_internal_metadata" WHERE "ar_internal_metadata"."key" = ? LIMIT ?[0m  [["key", "environment"], ["LIMIT", 1]]
  [1m[35m (0.1ms)[0m  [1m[36mbegin transaction[0m
  [1m[35mSQL (0.4ms)[0m  [1m[32mINSERT INTO "ar_internal_metadata" ("key", "value", "created_at", "updated_at") VALUES (?, ?, ?, ?)[0m  [["key", "environment"], ["value", "development"], ["created_at", "2018-04-24 17:13:40.597411"], ["updated_at", "2018-04-24 17:13:40.597411"]]
  [1m[35m (0.7ms)[0m  [1m[36mcommit transaction[0m
  [1m[36mActiveRecord::SchemaMigration Load (0.1ms)[0m  [1m[34mSELECT "schema_migrations".* FROM "schema_migrations"[0m
  [1m[35m (0.1ms)[0m  [1m[34m            SELECT sql
            FROM sqlite_master
            WHERE name='index_stocks_on_market_price_id' AND type='index'
            UNION ALL
            SELECT sql
            FROM sqlite_temp_master
            WHERE name='index_stocks_on_market_price_id' AND type='index'
[0m
  [1m[35m (0.1ms)[0m  [1m[34m            SELECT sql
            FROM sqlite_master
            WHERE name='index_stocks_on_bearer_id' AND type='index'
            UNION ALL
            SELECT sql
            FROM sqlite_temp_master
            WHERE name='index_stocks_on_bearer_id' AND type='index'
[0m
  [1m[36mBearer Load (0.3ms)[0m  [1m[34mSELECT  "bearers".* FROM "bearers" WHERE (name = 'Tina') ORDER BY "bearers"."id" ASC LIMIT ?[0m  [["LIMIT", 1]]
  [1m[35m (0.1ms)[0m  [1m[36mbegin transaction[0m
  [1m[36mBearer Exists (0.2ms)[0m  [1m[34mSELECT  1 AS one FROM "bearers" WHERE "bearers"."name" IS NULL LIMIT ?[0m  [["LIMIT", 1]]
  [1m[35m (0.1ms)[0m  [1m[31mrollback transaction[0m
  [1m[36mBearer Load (0.2ms)[0m  [1m[34mSELECT "bearers".* FROM "bearers"[0m
  [1m[36mBearer Load (0.2ms)[0m  [1m[34mSELECT  "bearers".* FROM "bearers" WHERE "bearers"."name" = ? ORDER BY "bearers"."id" ASC LIMIT ?[0m  [["name", "Tina"], ["LIMIT", 1]]
  [1m[35m (0.1ms)[0m  [1m[36mbegin transaction[0m
  [1m[36mBearer Exists (0.2ms)[0m  [1m[34mSELECT  1 AS one FROM "bearers" WHERE "bearers"."name" = ? LIMIT ?[0m  [["name", "Tina"], ["LIMIT", 1]]
  [1m[35mSQL (6.2ms)[0m  [1m[32mINSERT INTO "bearers" ("name", "created_at", "updated_at") VALUES (?, ?, ?)[0m  [["name", "Tina"], ["created_at", "2018-04-25 06:31:25.270234"], ["updated_at", "2018-04-25 06:31:25.270234"]]
  [1m[35m (1.0ms)[0m  [1m[36mcommit transaction[0m
  [1m[36mStock Load (0.5ms)[0m  [1m[34mSELECT "stocks".* FROM "stocks" WHERE "stocks"."deleted_at" IS NULL[0m
  [1m[36mStock Load (0.3ms)[0m  [1m[34mSELECT  "stocks".* FROM "stocks" WHERE "stocks"."deleted_at" IS NULL ORDER BY "stocks"."id" ASC LIMIT ?[0m  [["LIMIT", 1]]
  [1m[36mMarketPrice Load (0.1ms)[0m  [1m[34mSELECT  "market_prices".* FROM "market_prices" ORDER BY "market_prices"."id" ASC LIMIT ?[0m  [["LIMIT", 1]]
  [1m[36mBearer Load (0.2ms)[0m  [1m[34mSELECT  "bearers".* FROM "bearers" ORDER BY "bearers"."id" ASC LIMIT ?[0m  [["LIMIT", 1]]
  [1m[36mBearer Load (0.2ms)[0m  [1m[34mSELECT "bearers".* FROM "bearers"[0m
  [1m[35mSQL (6.8ms)[0m  [1m[31mDELETE FROM "bearers"[0m
  [1m[36mActiveRecord::SchemaMigration Load (0.1ms)[0m  [1m[34mSELECT "schema_migrations".* FROM "schema_migrations"[0m
Migrating to AddDeletedAtToStocks (20180425091307)
  [1m[35m (0.1ms)[0m  [1m[36mbegin transaction[0m
  [1m[35m (0.4ms)[0m  [1m[35mALTER TABLE "stocks" ADD "deleted_at" datetime[0m
  [1m[35m (0.0ms)[0m  [1m[34mselect sqlite_version(*)[0m
  [1m[35m (0.1ms)[0m  [1m[34m            SELECT sql
            FROM sqlite_master
            WHERE name='index_stocks_on_market_price_id' AND type='index'
            UNION ALL
            SELECT sql
            FROM sqlite_temp_master
            WHERE name='index_stocks_on_market_price_id' AND type='index'
[0m
  [1m[35m (0.0ms)[0m  [1m[34m            SELECT sql
            FROM sqlite_master
            WHERE name='index_stocks_on_bearer_id' AND type='index'
            UNION ALL
            SELECT sql
            FROM sqlite_temp_master
            WHERE name='index_stocks_on_bearer_id' AND type='index'
[0m
  [1m[35m (0.1ms)[0m  [1m[35mCREATE  INDEX "index_stocks_on_deleted_at" ON "stocks" ("deleted_at")[0m
  [1m[35mSQL (0.2ms)[0m  [1m[32mINSERT INTO "schema_migrations" ("version") VALUES (?)[0m  [["version", "20180425091307"]]
  [1m[35m (1.0ms)[0m  [1m[36mcommit transaction[0m
  [1m[36mActiveRecord::InternalMetadata Load (0.1ms)[0m  [1m[34mSELECT  "ar_internal_metadata".* FROM "ar_internal_metadata" WHERE "ar_internal_metadata"."key" = ? LIMIT ?[0m  [["key", "environment"], ["LIMIT", 1]]
  [1m[35m (0.0ms)[0m  [1m[36mbegin transaction[0m
  [1m[35m (0.0ms)[0m  [1m[36mcommit transaction[0m
  [1m[36mActiveRecord::SchemaMigration Load (0.1ms)[0m  [1m[34mSELECT "schema_migrations".* FROM "schema_migrations"[0m
  [1m[35m (0.1ms)[0m  [1m[34m            SELECT sql
            FROM sqlite_master
            WHERE name='index_stocks_on_deleted_at' AND type='index'
            UNION ALL
            SELECT sql
            FROM sqlite_temp_master
            WHERE name='index_stocks_on_deleted_at' AND type='index'
[0m
  [1m[35m (0.2ms)[0m  [1m[34m            SELECT sql
            FROM sqlite_master
            WHERE name='index_stocks_on_market_price_id' AND type='index'
            UNION ALL
            SELECT sql
            FROM sqlite_temp_master
            WHERE name='index_stocks_on_market_price_id' AND type='index'
[0m
  [1m[35m (0.2ms)[0m  [1m[34m            SELECT sql
            FROM sqlite_master
            WHERE name='index_stocks_on_bearer_id' AND type='index'
            UNION ALL
            SELECT sql
            FROM sqlite_temp_master
            WHERE name='index_stocks_on_bearer_id' AND type='index'
[0m
  [1m[35mSQL (0.6ms)[0m  [1m[31mDELETE FROM "stocks" WHERE "stocks"."deleted_at" IS NULL[0m
  [1m[35mSQL (6.7ms)[0m  [1m[31mDELETE FROM "bearers"[0m
  [1m[35mSQL (6.6ms)[0m  [1m[31mDELETE FROM "market_prices"[0m
  [1m[36mMarketPrice Load (0.2ms)[0m  [1m[34mSELECT "market_prices".* FROM "market_prices"[0m
  [1m[36mMarketPrice Load (1.6ms)[0m  [1m[34mSELECT "market_prices".* FROM "market_prices"[0m
  [1m[35m (0.3ms)[0m  [1m[36mbegin transaction[0m
  [1m[36mMarketPrice Load (0.1ms)[0m  [1m[34mSELECT  "market_prices".* FROM "market_prices" ORDER BY "market_prices"."id" ASC LIMIT ?[0m  [["LIMIT", 1]]
  [1m[36mActiveRecord::SchemaMigration Load (26.3ms)[0m  [1m[34mSELECT "schema_migrations".* FROM "schema_migrations"[0m
  [1m[35m (0.6ms)[0m  [1m[34mSELECT "ar_internal_metadata"."value" FROM "ar_internal_metadata" WHERE "ar_internal_metadata"."key" = ?[0m  [["key", "environment"]]
  [1m[36mActiveRecord::SchemaMigration Load (0.1ms)[0m  [1m[34mSELECT "schema_migrations".* FROM "schema_migrations"[0m
  [1m[35m (0.1ms)[0m  [1m[34mSELECT "ar_internal_metadata"."value" FROM "ar_internal_metadata" WHERE "ar_internal_metadata"."key" = ?[0m  [["key", "environment"]]
  [1m[36mActiveRecord::SchemaMigration Load (0.1ms)[0m  [1m[34mSELECT "schema_migrations".* FROM "schema_migrations"[0m
  [1m[35m (0.1ms)[0m  [1m[34mSELECT "ar_internal_metadata"."value" FROM "ar_internal_metadata" WHERE "ar_internal_metadata"."key" = ?[0m  [["key", "environment"]]
  [1m[35m (1.1ms)[0m  [1m[35mCREATE TABLE "bearers" ("id" INTEGER PRIMARY KEY AUTOINCREMENT NOT NULL, "name" varchar, "created_at" datetime NOT NULL, "updated_at" datetime NOT NULL)[0m
  [1m[35m (1.0ms)[0m  [1m[35mCREATE TABLE "market_prices" ("id" INTEGER PRIMARY KEY AUTOINCREMENT NOT NULL, "currency" varchar, "value_cents" integer, "created_at" datetime NOT NULL, "updated_at" datetime NOT NULL)[0m
  [1m[35m (0.8ms)[0m  [1m[35mCREATE TABLE "stocks" ("id" INTEGER PRIMARY KEY AUTOINCREMENT NOT NULL, "name" varchar, "bearer_id" integer, "market_price_id" integer, "created_at" datetime NOT NULL, "updated_at" datetime NOT NULL, "deleted_at" datetime)[0m
  [1m[35m (0.0ms)[0m  [1m[34mselect sqlite_version(*)[0m
  [1m[35m (1.0ms)[0m  [1m[35mCREATE  INDEX "index_stocks_on_bearer_id" ON "stocks" ("bearer_id")[0m
  [1m[35m (0.1ms)[0m  [1m[34m            SELECT sql
            FROM sqlite_master
            WHERE name='index_stocks_on_bearer_id' AND type='index'
            UNION ALL
            SELECT sql
            FROM sqlite_temp_master
            WHERE name='index_stocks_on_bearer_id' AND type='index'
[0m
  [1m[35m (1.0ms)[0m  [1m[35mCREATE  INDEX "index_stocks_on_deleted_at" ON "stocks" ("deleted_at")[0m
  [1m[35m (0.1ms)[0m  [1m[34m            SELECT sql
            FROM sqlite_master
            WHERE name='index_stocks_on_deleted_at' AND type='index'
            UNION ALL
            SELECT sql
            FROM sqlite_temp_master
            WHERE name='index_stocks_on_deleted_at' AND type='index'
[0m
  [1m[35m (0.1ms)[0m  [1m[34m            SELECT sql
            FROM sqlite_master
            WHERE name='index_stocks_on_bearer_id' AND type='index'
            UNION ALL
            SELECT sql
            FROM sqlite_temp_master
            WHERE name='index_stocks_on_bearer_id' AND type='index'
[0m
  [1m[35m (1.0ms)[0m  [1m[35mCREATE  INDEX "index_stocks_on_market_price_id" ON "stocks" ("market_price_id")[0m
  [1m[35m (1.0ms)[0m  [1m[35mCREATE TABLE "schema_migrations" ("version" varchar NOT NULL PRIMARY KEY)[0m
  [1m[35m (0.1ms)[0m  [1m[34mSELECT version FROM "schema_migrations"[0m
  [1m[35m (0.8ms)[0m  [1m[32mINSERT INTO "schema_migrations" (version) VALUES (20180425091307)[0m
  [1m[35m (0.9ms)[0m  [1m[32mINSERT INTO "schema_migrations" (version) VALUES
(20180424170854),
(20180424170800),
(20180424170815);

[0m
  [1m[35m (1.0ms)[0m  [1m[35mCREATE TABLE "ar_internal_metadata" ("key" varchar NOT NULL PRIMARY KEY, "value" varchar, "created_at" datetime NOT NULL, "updated_at" datetime NOT NULL)[0m
  [1m[36mActiveRecord::InternalMetadata Load (0.1ms)[0m  [1m[34mSELECT  "ar_internal_metadata".* FROM "ar_internal_metadata" WHERE "ar_internal_metadata"."key" = ? LIMIT ?[0m  [["key", "environment"], ["LIMIT", 1]]
  [1m[35m (0.1ms)[0m  [1m[36mbegin transaction[0m
  [1m[35mSQL (0.4ms)[0m  [1m[32mINSERT INTO "ar_internal_metadata" ("key", "value", "created_at", "updated_at") VALUES (?, ?, ?, ?)[0m  [["key", "environment"], ["value", "development"], ["created_at", "2018-04-25 17:25:39.354068"], ["updated_at", "2018-04-25 17:25:39.354068"]]
  [1m[35m (0.8ms)[0m  [1m[36mcommit transaction[0m
  [1m[36mActiveRecord::InternalMetadata Load (0.1ms)[0m  [1m[34mSELECT  "ar_internal_metadata".* FROM "ar_internal_metadata" WHERE "ar_internal_metadata"."key" = ? LIMIT ?[0m  [["key", "environment"], ["LIMIT", 1]]
  [1m[35m (0.1ms)[0m  [1m[36mbegin transaction[0m
  [1m[35m (0.1ms)[0m  [1m[36mcommit transaction[0m
  [1m[35m (1.3ms)[0m  [1m[35mCREATE TABLE "bearers" ("id" INTEGER PRIMARY KEY AUTOINCREMENT NOT NULL, "name" varchar, "created_at" datetime NOT NULL, "updated_at" datetime NOT NULL)[0m
  [1m[35m (1.2ms)[0m  [1m[35mCREATE TABLE "market_prices" ("id" INTEGER PRIMARY KEY AUTOINCREMENT NOT NULL, "currency" varchar, "value_cents" integer, "created_at" datetime NOT NULL, "updated_at" datetime NOT NULL)[0m
  [1m[35m (1.2ms)[0m  [1m[35mCREATE TABLE "stocks" ("id" INTEGER PRIMARY KEY AUTOINCREMENT NOT NULL, "name" varchar, "bearer_id" integer, "market_price_id" integer, "created_at" datetime NOT NULL, "updated_at" datetime NOT NULL, "deleted_at" datetime)[0m
  [1m[35m (0.1ms)[0m  [1m[34mselect sqlite_version(*)[0m
  [1m[35m (1.0ms)[0m  [1m[35mCREATE  INDEX "index_stocks_on_bearer_id" ON "stocks" ("bearer_id")[0m
  [1m[35m (0.1ms)[0m  [1m[34m            SELECT sql
            FROM sqlite_master
            WHERE name='index_stocks_on_bearer_id' AND type='index'
            UNION ALL
            SELECT sql
            FROM sqlite_temp_master
            WHERE name='index_stocks_on_bearer_id' AND type='index'
[0m
  [1m[35m (0.9ms)[0m  [1m[35mCREATE  INDEX "index_stocks_on_deleted_at" ON "stocks" ("deleted_at")[0m
  [1m[35m (0.1ms)[0m  [1m[34m            SELECT sql
            FROM sqlite_master
            WHERE name='index_stocks_on_deleted_at' AND type='index'
            UNION ALL
            SELECT sql
            FROM sqlite_temp_master
            WHERE name='index_stocks_on_deleted_at' AND type='index'
[0m
  [1m[35m (0.1ms)[0m  [1m[34m            SELECT sql
            FROM sqlite_master
            WHERE name='index_stocks_on_bearer_id' AND type='index'
            UNION ALL
            SELECT sql
            FROM sqlite_temp_master
            WHERE name='index_stocks_on_bearer_id' AND type='index'
[0m
  [1m[35m (0.9ms)[0m  [1m[35mCREATE  INDEX "index_stocks_on_market_price_id" ON "stocks" ("market_price_id")[0m
  [1m[35m (1.1ms)[0m  [1m[35mCREATE TABLE "schema_migrations" ("version" varchar NOT NULL PRIMARY KEY)[0m
  [1m[35m (0.1ms)[0m  [1m[34mSELECT version FROM "schema_migrations"[0m
  [1m[35m (1.1ms)[0m  [1m[32mINSERT INTO "schema_migrations" (version) VALUES (20180425091307)[0m
  [1m[35m (1.1ms)[0m  [1m[32mINSERT INTO "schema_migrations" (version) VALUES
(20180424170854),
(20180424170800),
(20180424170815);

[0m
  [1m[35m (1.1ms)[0m  [1m[35mCREATE TABLE "ar_internal_metadata" ("key" varchar NOT NULL PRIMARY KEY, "value" varchar, "created_at" datetime NOT NULL, "updated_at" datetime NOT NULL)[0m
  [1m[36mActiveRecord::InternalMetadata Load (0.1ms)[0m  [1m[34mSELECT  "ar_internal_metadata".* FROM "ar_internal_metadata" WHERE "ar_internal_metadata"."key" = ? LIMIT ?[0m  [["key", "environment"], ["LIMIT", 1]]
  [1m[35m (0.1ms)[0m  [1m[36mbegin transaction[0m
  [1m[35mSQL (0.3ms)[0m  [1m[32mINSERT INTO "ar_internal_metadata" ("key", "value", "created_at", "updated_at") VALUES (?, ?, ?, ?)[0m  [["key", "environment"], ["value", "development"], ["created_at", "2018-04-25 17:25:39.381089"], ["updated_at", "2018-04-25 17:25:39.381089"]]
  [1m[35m (1.2ms)[0m  [1m[36mcommit transaction[0m
  [1m[36mActiveRecord::InternalMetadata Load (0.1ms)[0m  [1m[34mSELECT  "ar_internal_metadata".* FROM "ar_internal_metadata" WHERE "ar_internal_metadata"."key" = ? LIMIT ?[0m  [["key", "environment"], ["LIMIT", 1]]
  [1m[35m (0.1ms)[0m  [1m[36mbegin transaction[0m
  [1m[35m (0.1ms)[0m  [1m[36mcommit transaction[0m
  [1m[36mActiveRecord::SchemaMigration Load (0.1ms)[0m  [1m[34mSELECT "schema_migrations".* FROM "schema_migrations"[0m
  [1m[35m (0.1ms)[0m  [1m[31mrollback transaction[0m
  [1m[36mActiveRecord::SchemaMigration Load (0.1ms)[0m  [1m[34mSELECT "schema_migrations".* FROM "schema_migrations"[0m
  [1m[36mActiveRecord::InternalMetadata Load (0.1ms)[0m  [1m[34mSELECT  "ar_internal_metadata".* FROM "ar_internal_metadata" WHERE "ar_internal_metadata"."key" = ? LIMIT ?[0m  [["key", "environment"], ["LIMIT", 1]]
  [1m[35m (0.0ms)[0m  [1m[36mbegin transaction[0m
  [1m[35m (0.0ms)[0m  [1m[36mcommit transaction[0m
  [1m[36mActiveRecord::SchemaMigration Load (0.1ms)[0m  [1m[34mSELECT "schema_migrations".* FROM "schema_migrations"[0m
  [1m[35m (0.1ms)[0m  [1m[34m            SELECT sql
            FROM sqlite_master
            WHERE name='index_stocks_on_market_price_id' AND type='index'
            UNION ALL
            SELECT sql
            FROM sqlite_temp_master
            WHERE name='index_stocks_on_market_price_id' AND type='index'
[0m
  [1m[35m (0.1ms)[0m  [1m[34m            SELECT sql
            FROM sqlite_master
            WHERE name='index_stocks_on_deleted_at' AND type='index'
            UNION ALL
            SELECT sql
            FROM sqlite_temp_master
            WHERE name='index_stocks_on_deleted_at' AND type='index'
[0m
  [1m[35m (0.1ms)[0m  [1m[34m            SELECT sql
            FROM sqlite_master
            WHERE name='index_stocks_on_bearer_id' AND type='index'
            UNION ALL
            SELECT sql
            FROM sqlite_temp_master
            WHERE name='index_stocks_on_bearer_id' AND type='index'
[0m
Started GET "/stocks" for 127.0.0.1 at 2018-04-26 12:25:42 +0530
  [1m[36mActiveRecord::SchemaMigration Load (0.1ms)[0m  [1m[34mSELECT "schema_migrations".* FROM "schema_migrations"[0m
Processing by StocksController#index as HTML
[active_model_serializers] Rendered ActiveModel::Serializer::Null with Hash (0.15ms)
Filter chain halted as :ensure_json rendered or redirected
Completed 406 Not Acceptable in 15ms (Views: 6.4ms | ActiveRecord: 0.0ms)


Started GET "/stocks" for 127.0.0.1 at 2018-04-26 12:31:02 +0530
Processing by StocksController#index as HTML
[active_model_serializers] Rendered ActiveModel::Serializer::Null with Hash (0.06ms)
Filter chain halted as :ensure_json rendered or redirected
Completed 406 Not Acceptable in 1ms (Views: 0.7ms | ActiveRecord: 0.0ms)


Started GET "/stocks" for 127.0.0.1 at 2018-04-26 12:32:13 +0530
  [1m[36mActiveRecord::SchemaMigration Load (0.1ms)[0m  [1m[34mSELECT "schema_migrations".* FROM "schema_migrations"[0m
Processing by StocksController#index as HTML
[active_model_serializers] Rendered ActiveModel::Serializer::Null with Hash (0.14ms)
Filter chain halted as :ensure_json rendered or redirected
Completed 406 Not Acceptable in 16ms (Views: 5.2ms | ActiveRecord: 0.0ms)


Started GET "/stocks" for 127.0.0.1 at 2018-04-26 12:33:54 +0530
Processing by StocksController#index as HTML
[active_model_serializers] Rendered ActiveModel::Serializer::Null with Hash (0.08ms)
Filter chain halted as :ensure_json rendered or redirected
Completed 406 Not Acceptable in 1ms (Views: 0.6ms | ActiveRecord: 0.0ms)


Started GET "/stocks" for 127.0.0.1 at 2018-04-26 12:34:03 +0530
  [1m[36mActiveRecord::SchemaMigration Load (0.1ms)[0m  [1m[34mSELECT "schema_migrations".* FROM "schema_migrations"[0m
Processing by StocksController#index as HTML
[active_model_serializers] Rendered ActiveModel::Serializer::Null with Hash (0.16ms)
Filter chain halted as :ensure_json rendered or redirected
Completed 406 Not Acceptable in 18ms (Views: 7.3ms | ActiveRecord: 0.0ms)


Started GET "/stocks" for 127.0.0.1 at 2018-04-26 12:34:21 +0530
Processing by StocksController#index as HTML
[active_model_serializers] Rendered ActiveModel::Serializer::Null with Hash (0.3ms)
Filter chain halted as :ensure_json rendered or redirected
Completed 406 Not Acceptable in 4ms (Views: 2.3ms | ActiveRecord: 0.0ms)


Started GET "/stocks" for 127.0.0.1 at 2018-04-26 12:34:42 +0530
Processing by StocksController#index as HTML
[active_model_serializers] Rendered ActiveModel::Serializer::Null with Hash (0.08ms)
Filter chain halted as :ensure_json rendered or redirected
Completed 406 Not Acceptable in 1ms (Views: 0.4ms | ActiveRecord: 0.0ms)


Started GET "/stocks" for 127.0.0.1 at 2018-04-26 12:38:48 +0530
  [1m[36mActiveRecord::SchemaMigration Load (0.2ms)[0m  [1m[34mSELECT "schema_migrations".* FROM "schema_migrations"[0m
Processing by StocksController#index as HTML
[active_model_serializers] Rendered ActiveModel::Serializer::Null with Hash (0.21ms)
Filter chain halted as :ensure_json rendered or redirected
Completed 406 Not Acceptable in 18ms (Views: 5.0ms | ActiveRecord: 0.0ms)


Started GET "/stocks" for 127.0.0.1 at 2018-04-26 12:45:06 +0530
Processing by StocksController#index as HTML
[active_model_serializers] Rendered ActiveModel::Serializer::Null with Hash (0.09ms)
Filter chain halted as :ensure_json rendered or redirected
Completed 406 Not Acceptable in 4ms (Views: 3.5ms | ActiveRecord: 0.0ms)


Started GET "/" for 127.0.0.1 at 2018-04-26 12:45:36 +0530
Processing by StocksController#index as HTML
[active_model_serializers] Rendered ActiveModel::Serializer::Null with Hash (0.1ms)
Filter chain halted as :ensure_json rendered or redirected
Completed 406 Not Acceptable in 1ms (Views: 0.6ms | ActiveRecord: 0.0ms)


Started GET "/stocks" for 127.0.0.1 at 2018-04-26 12:53:08 +0530
  [1m[36mActiveRecord::SchemaMigration Load (0.1ms)[0m  [1m[34mSELECT "schema_migrations".* FROM "schema_migrations"[0m
Processing by StocksController#index as HTML
Completed 500 Internal Server Error in 80ms (ActiveRecord: 0.0ms)


  
NoMethodError (undefined method `ensure_json' for #<StocksController:0x00007fe7918e8390>):
  
activesupport (5.0.3) lib/active_support/callbacks.rb:382:in `block in make_lambda'
activesupport (5.0.3) lib/active_support/callbacks.rb:169:in `block (2 levels) in halting'
actionpack (5.0.3) lib/abstract_controller/callbacks.rb:12:in `block (2 levels) in <module:Callbacks>'
activesupport (5.0.3) lib/active_support/callbacks.rb:170:in `block in halting'
activesupport (5.0.3) lib/active_support/callbacks.rb:454:in `block in call'
activesupport (5.0.3) lib/active_support/callbacks.rb:454:in `each'
activesupport (5.0.3) lib/active_support/callbacks.rb:454:in `call'
activesupport (5.0.3) lib/active_support/callbacks.rb:101:in `__run_callbacks__'
activesupport (5.0.3) lib/active_support/callbacks.rb:750:in `_run_process_action_callbacks'
activesupport (5.0.3) lib/active_support/callbacks.rb:90:in `run_callbacks'
actionpack (5.0.3) lib/abstract_controller/callbacks.rb:19:in `process_action'
actionpack (5.0.3) lib/action_controller/metal/rescue.rb:20:in `process_action'
actionpack (5.0.3) lib/action_controller/metal/instrumentation.rb:32:in `block in process_action'
activesupport (5.0.3) lib/active_support/notifications.rb:164:in `block in instrument'
activesupport (5.0.3) lib/active_support/notifications/instrumenter.rb:21:in `instrument'
activesupport (5.0.3) lib/active_support/notifications.rb:164:in `instrument'
actionpack (5.0.3) lib/action_controller/metal/instrumentation.rb:30:in `process_action'
actionpack (5.0.3) lib/action_controller/metal/params_wrapper.rb:248:in `process_action'
activerecord (5.0.3) lib/active_record/railties/controller_runtime.rb:18:in `process_action'
actionpack (5.0.3) lib/abstract_controller/base.rb:126:in `process'
actionview (5.0.3) lib/action_view/rendering.rb:30:in `process'
actionpack (5.0.3) lib/action_controller/metal.rb:190:in `dispatch'
actionpack (5.0.3) lib/action_controller/metal.rb:262:in `dispatch'
actionpack (5.0.3) lib/action_dispatch/routing/route_set.rb:50:in `dispatch'
actionpack (5.0.3) lib/action_dispatch/routing/route_set.rb:32:in `serve'
actionpack (5.0.3) lib/action_dispatch/journey/router.rb:39:in `block in serve'
actionpack (5.0.3) lib/action_dispatch/journey/router.rb:26:in `each'
actionpack (5.0.3) lib/action_dispatch/journey/router.rb:26:in `serve'
actionpack (5.0.3) lib/action_dispatch/routing/route_set.rb:725:in `call'
rack (2.0.2) lib/rack/etag.rb:25:in `call'
rack (2.0.2) lib/rack/conditional_get.rb:25:in `call'
rack (2.0.2) lib/rack/head.rb:12:in `call'
rack (2.0.2) lib/rack/session/abstract/id.rb:232:in `context'
rack (2.0.2) lib/rack/session/abstract/id.rb:226:in `call'
actionpack (5.0.3) lib/action_dispatch/middleware/cookies.rb:613:in `call'
activerecord (5.0.3) lib/active_record/migration.rb:553:in `call'
actionpack (5.0.3) lib/action_dispatch/middleware/callbacks.rb:38:in `block in call'
activesupport (5.0.3) lib/active_support/callbacks.rb:97:in `__run_callbacks__'
activesupport (5.0.3) lib/active_support/callbacks.rb:750:in `_run_call_callbacks'
activesupport (5.0.3) lib/active_support/callbacks.rb:90:in `run_callbacks'
actionpack (5.0.3) lib/action_dispatch/middleware/callbacks.rb:36:in `call'
actionpack (5.0.3) lib/action_dispatch/middleware/executor.rb:12:in `call'
actionpack (5.0.3) lib/action_dispatch/middleware/remote_ip.rb:79:in `call'
actionpack (5.0.3) lib/action_dispatch/middleware/debug_exceptions.rb:49:in `call'
web-console (3.5.1) lib/web_console/middleware.rb:135:in `call_app'
web-console (3.5.1) lib/web_console/middleware.rb:28:in `block in call'
web-console (3.5.1) lib/web_console/middleware.rb:18:in `catch'
web-console (3.5.1) lib/web_console/middleware.rb:18:in `call'
actionpack (5.0.3) lib/action_dispatch/middleware/show_exceptions.rb:31:in `call'
railties (5.0.3) lib/rails/rack/logger.rb:36:in `call_app'
railties (5.0.3) lib/rails/rack/logger.rb:24:in `block in call'
activesupport (5.0.3) lib/active_support/tagged_logging.rb:69:in `block in tagged'
activesupport (5.0.3) lib/active_support/tagged_logging.rb:26:in `tagged'
activesupport (5.0.3) lib/active_support/tagged_logging.rb:69:in `tagged'
railties (5.0.3) lib/rails/rack/logger.rb:24:in `call'
sprockets-rails (3.2.0) lib/sprockets/rails/quiet_assets.rb:13:in `call'
actionpack (5.0.3) lib/action_dispatch/middleware/request_id.rb:24:in `call'
rack (2.0.2) lib/rack/method_override.rb:22:in `call'
rack (2.0.2) lib/rack/runtime.rb:22:in `call'
activesupport (5.0.3) lib/active_support/cache/strategy/local_cache_middleware.rb:28:in `call'
actionpack (5.0.3) lib/action_dispatch/middleware/executor.rb:12:in `call'
actionpack (5.0.3) lib/action_dispatch/middleware/static.rb:136:in `call'
rack (2.0.2) lib/rack/sendfile.rb:111:in `call'
railties (5.0.3) lib/rails/engine.rb:522:in `call'
puma (3.8.2) lib/puma/configuration.rb:224:in `call'
puma (3.8.2) lib/puma/server.rb:600:in `handle_request'
puma (3.8.2) lib/puma/server.rb:435:in `process_client'
puma (3.8.2) lib/puma/server.rb:299:in `block in run'
puma (3.8.2) lib/puma/thread_pool.rb:120:in `block in spawn_thread'
  Rendering /Users/santoshturamari/.rvm/gems/ruby-2.4.2@2.4.2_rails5/gems/actionpack-5.0.3/lib/action_dispatch/middleware/templates/rescues/diagnostics.html.erb within rescues/layout
  Rendering /Users/santoshturamari/.rvm/gems/ruby-2.4.2@2.4.2_rails5/gems/actionpack-5.0.3/lib/action_dispatch/middleware/templates/rescues/_source.html.erb
  Rendered /Users/santoshturamari/.rvm/gems/ruby-2.4.2@2.4.2_rails5/gems/actionpack-5.0.3/lib/action_dispatch/middleware/templates/rescues/_source.html.erb (2.9ms)
  Rendering /Users/santoshturamari/.rvm/gems/ruby-2.4.2@2.4.2_rails5/gems/actionpack-5.0.3/lib/action_dispatch/middleware/templates/rescues/_trace.html.erb
  Rendered /Users/santoshturamari/.rvm/gems/ruby-2.4.2@2.4.2_rails5/gems/actionpack-5.0.3/lib/action_dispatch/middleware/templates/rescues/_trace.html.erb (2.0ms)
  Rendering /Users/santoshturamari/.rvm/gems/ruby-2.4.2@2.4.2_rails5/gems/actionpack-5.0.3/lib/action_dispatch/middleware/templates/rescues/_request_and_response.html.erb
  Rendered /Users/santoshturamari/.rvm/gems/ruby-2.4.2@2.4.2_rails5/gems/actionpack-5.0.3/lib/action_dispatch/middleware/templates/rescues/_request_and_response.html.erb (0.6ms)
  Rendered /Users/santoshturamari/.rvm/gems/ruby-2.4.2@2.4.2_rails5/gems/actionpack-5.0.3/lib/action_dispatch/middleware/templates/rescues/diagnostics.html.erb within rescues/layout (196.2ms)
Started GET "/stocks" for 127.0.0.1 at 2018-04-26 12:54:34 +0530
  [1m[36mActiveRecord::SchemaMigration Load (0.1ms)[0m  [1m[34mSELECT "schema_migrations".* FROM "schema_migrations"[0m
Processing by StocksController#index as HTML
  [1m[36mStock Load (0.2ms)[0m  [1m[34mSELECT "stocks".* FROM "stocks" WHERE "stocks"."deleted_at" IS NULL[0m
[active_model_serializers] Rendered ActiveModel::Serializer::CollectionSerializer with ActiveModelSerializers::Adapter::Attributes (0.16ms)
Completed 200 OK in 19ms (Views: 8.8ms | ActiveRecord: 0.4ms)


Started GET "/stocks" for 127.0.0.1 at 2018-05-04 18:01:34 +0530
  [1m[36mActiveRecord::SchemaMigration Load (0.6ms)[0m  [1m[34mSELECT "schema_migrations".* FROM "schema_migrations"[0m
Processing by StocksController#index as */*
[active_model_serializers] Rendered ActiveModel::Serializer::Null with Hash (0.44ms)
Filter chain halted as :ensure_json rendered or redirected
Completed 406 Not Acceptable in 16ms (Views: 5.1ms | ActiveRecord: 0.0ms)


Started GET "/stocks" for 127.0.0.1 at 2018-05-04 18:01:52 +0530
Processing by StocksController#index as */*
Completed 500 Internal Server Error in 64ms (ActiveRecord: 0.0ms)


  
NoMethodError (undefined method `ensure_json' for #<StocksController:0x00007fc204b00fe0>):
  
activesupport (5.0.3) lib/active_support/callbacks.rb:382:in `block in make_lambda'
activesupport (5.0.3) lib/active_support/callbacks.rb:169:in `block (2 levels) in halting'
actionpack (5.0.3) lib/abstract_controller/callbacks.rb:12:in `block (2 levels) in <module:Callbacks>'
activesupport (5.0.3) lib/active_support/callbacks.rb:170:in `block in halting'
activesupport (5.0.3) lib/active_support/callbacks.rb:454:in `block in call'
activesupport (5.0.3) lib/active_support/callbacks.rb:454:in `each'
activesupport (5.0.3) lib/active_support/callbacks.rb:454:in `call'
activesupport (5.0.3) lib/active_support/callbacks.rb:101:in `__run_callbacks__'
activesupport (5.0.3) lib/active_support/callbacks.rb:750:in `_run_process_action_callbacks'
activesupport (5.0.3) lib/active_support/callbacks.rb:90:in `run_callbacks'
actionpack (5.0.3) lib/abstract_controller/callbacks.rb:19:in `process_action'
actionpack (5.0.3) lib/action_controller/metal/rescue.rb:20:in `process_action'
actionpack (5.0.3) lib/action_controller/metal/instrumentation.rb:32:in `block in process_action'
activesupport (5.0.3) lib/active_support/notifications.rb:164:in `block in instrument'
activesupport (5.0.3) lib/active_support/notifications/instrumenter.rb:21:in `instrument'
activesupport (5.0.3) lib/active_support/notifications.rb:164:in `instrument'
actionpack (5.0.3) lib/action_controller/metal/instrumentation.rb:30:in `process_action'
actionpack (5.0.3) lib/action_controller/metal/params_wrapper.rb:248:in `process_action'
activerecord (5.0.3) lib/active_record/railties/controller_runtime.rb:18:in `process_action'
actionpack (5.0.3) lib/abstract_controller/base.rb:126:in `process'
actionview (5.0.3) lib/action_view/rendering.rb:30:in `process'
actionpack (5.0.3) lib/action_controller/metal.rb:190:in `dispatch'
actionpack (5.0.3) lib/action_controller/metal.rb:262:in `dispatch'
actionpack (5.0.3) lib/action_dispatch/routing/route_set.rb:50:in `dispatch'
actionpack (5.0.3) lib/action_dispatch/routing/route_set.rb:32:in `serve'
actionpack (5.0.3) lib/action_dispatch/journey/router.rb:39:in `block in serve'
actionpack (5.0.3) lib/action_dispatch/journey/router.rb:26:in `each'
actionpack (5.0.3) lib/action_dispatch/journey/router.rb:26:in `serve'
actionpack (5.0.3) lib/action_dispatch/routing/route_set.rb:725:in `call'
rack (2.0.2) lib/rack/etag.rb:25:in `call'
rack (2.0.2) lib/rack/conditional_get.rb:25:in `call'
rack (2.0.2) lib/rack/head.rb:12:in `call'
rack (2.0.2) lib/rack/session/abstract/id.rb:232:in `context'
rack (2.0.2) lib/rack/session/abstract/id.rb:226:in `call'
actionpack (5.0.3) lib/action_dispatch/middleware/cookies.rb:613:in `call'
activerecord (5.0.3) lib/active_record/migration.rb:553:in `call'
actionpack (5.0.3) lib/action_dispatch/middleware/callbacks.rb:38:in `block in call'
activesupport (5.0.3) lib/active_support/callbacks.rb:97:in `__run_callbacks__'
activesupport (5.0.3) lib/active_support/callbacks.rb:750:in `_run_call_callbacks'
activesupport (5.0.3) lib/active_support/callbacks.rb:90:in `run_callbacks'
actionpack (5.0.3) lib/action_dispatch/middleware/callbacks.rb:36:in `call'
actionpack (5.0.3) lib/action_dispatch/middleware/executor.rb:12:in `call'
actionpack (5.0.3) lib/action_dispatch/middleware/remote_ip.rb:79:in `call'
actionpack (5.0.3) lib/action_dispatch/middleware/debug_exceptions.rb:49:in `call'
web-console (3.5.1) lib/web_console/middleware.rb:135:in `call_app'
web-console (3.5.1) lib/web_console/middleware.rb:28:in `block in call'
web-console (3.5.1) lib/web_console/middleware.rb:18:in `catch'
web-console (3.5.1) lib/web_console/middleware.rb:18:in `call'
actionpack (5.0.3) lib/action_dispatch/middleware/show_exceptions.rb:31:in `call'
railties (5.0.3) lib/rails/rack/logger.rb:36:in `call_app'
railties (5.0.3) lib/rails/rack/logger.rb:24:in `block in call'
activesupport (5.0.3) lib/active_support/tagged_logging.rb:69:in `block in tagged'
activesupport (5.0.3) lib/active_support/tagged_logging.rb:26:in `tagged'
activesupport (5.0.3) lib/active_support/tagged_logging.rb:69:in `tagged'
railties (5.0.3) lib/rails/rack/logger.rb:24:in `call'
sprockets-rails (3.2.0) lib/sprockets/rails/quiet_assets.rb:13:in `call'
actionpack (5.0.3) lib/action_dispatch/middleware/request_id.rb:24:in `call'
rack (2.0.2) lib/rack/method_override.rb:22:in `call'
rack (2.0.2) lib/rack/runtime.rb:22:in `call'
activesupport (5.0.3) lib/active_support/cache/strategy/local_cache_middleware.rb:28:in `call'
actionpack (5.0.3) lib/action_dispatch/middleware/executor.rb:12:in `call'
actionpack (5.0.3) lib/action_dispatch/middleware/static.rb:136:in `call'
rack (2.0.2) lib/rack/sendfile.rb:111:in `call'
railties (5.0.3) lib/rails/engine.rb:522:in `call'
puma (3.8.2) lib/puma/configuration.rb:224:in `call'
puma (3.8.2) lib/puma/server.rb:600:in `handle_request'
puma (3.8.2) lib/puma/server.rb:435:in `process_client'
puma (3.8.2) lib/puma/server.rb:299:in `block in run'
puma (3.8.2) lib/puma/thread_pool.rb:120:in `block in spawn_thread'
  Rendering /Users/santoshturamari/.rvm/gems/ruby-2.4.2@2.4.2_rails5/gems/actionpack-5.0.3/lib/action_dispatch/middleware/templates/rescues/diagnostics.html.erb within rescues/layout
  Rendering /Users/santoshturamari/.rvm/gems/ruby-2.4.2@2.4.2_rails5/gems/actionpack-5.0.3/lib/action_dispatch/middleware/templates/rescues/_source.html.erb
  Rendered /Users/santoshturamari/.rvm/gems/ruby-2.4.2@2.4.2_rails5/gems/actionpack-5.0.3/lib/action_dispatch/middleware/templates/rescues/_source.html.erb (3.5ms)
  Rendering /Users/santoshturamari/.rvm/gems/ruby-2.4.2@2.4.2_rails5/gems/actionpack-5.0.3/lib/action_dispatch/middleware/templates/rescues/_trace.html.erb
  Rendered /Users/santoshturamari/.rvm/gems/ruby-2.4.2@2.4.2_rails5/gems/actionpack-5.0.3/lib/action_dispatch/middleware/templates/rescues/_trace.html.erb (1.5ms)
  Rendering /Users/santoshturamari/.rvm/gems/ruby-2.4.2@2.4.2_rails5/gems/actionpack-5.0.3/lib/action_dispatch/middleware/templates/rescues/_request_and_response.html.erb
  Rendered /Users/santoshturamari/.rvm/gems/ruby-2.4.2@2.4.2_rails5/gems/actionpack-5.0.3/lib/action_dispatch/middleware/templates/rescues/_request_and_response.html.erb (0.6ms)
  Rendered /Users/santoshturamari/.rvm/gems/ruby-2.4.2@2.4.2_rails5/gems/actionpack-5.0.3/lib/action_dispatch/middleware/templates/rescues/diagnostics.html.erb within rescues/layout (170.0ms)
Started GET "/stocks" for 127.0.0.1 at 2018-05-04 18:03:08 +0530
Processing by StocksController#index as HTML
Completed 500 Internal Server Error in 64ms (ActiveRecord: 0.0ms)


  
NoMethodError (undefined method `ensure_json' for #<StocksController:0x00007fc1ff37d840>):
  
activesupport (5.0.3) lib/active_support/callbacks.rb:382:in `block in make_lambda'
activesupport (5.0.3) lib/active_support/callbacks.rb:169:in `block (2 levels) in halting'
actionpack (5.0.3) lib/abstract_controller/callbacks.rb:12:in `block (2 levels) in <module:Callbacks>'
activesupport (5.0.3) lib/active_support/callbacks.rb:170:in `block in halting'
activesupport (5.0.3) lib/active_support/callbacks.rb:454:in `block in call'
activesupport (5.0.3) lib/active_support/callbacks.rb:454:in `each'
activesupport (5.0.3) lib/active_support/callbacks.rb:454:in `call'
activesupport (5.0.3) lib/active_support/callbacks.rb:101:in `__run_callbacks__'
activesupport (5.0.3) lib/active_support/callbacks.rb:750:in `_run_process_action_callbacks'
activesupport (5.0.3) lib/active_support/callbacks.rb:90:in `run_callbacks'
actionpack (5.0.3) lib/abstract_controller/callbacks.rb:19:in `process_action'
actionpack (5.0.3) lib/action_controller/metal/rescue.rb:20:in `process_action'
actionpack (5.0.3) lib/action_controller/metal/instrumentation.rb:32:in `block in process_action'
activesupport (5.0.3) lib/active_support/notifications.rb:164:in `block in instrument'
activesupport (5.0.3) lib/active_support/notifications/instrumenter.rb:21:in `instrument'
activesupport (5.0.3) lib/active_support/notifications.rb:164:in `instrument'
actionpack (5.0.3) lib/action_controller/metal/instrumentation.rb:30:in `process_action'
actionpack (5.0.3) lib/action_controller/metal/params_wrapper.rb:248:in `process_action'
activerecord (5.0.3) lib/active_record/railties/controller_runtime.rb:18:in `process_action'
actionpack (5.0.3) lib/abstract_controller/base.rb:126:in `process'
actionview (5.0.3) lib/action_view/rendering.rb:30:in `process'
actionpack (5.0.3) lib/action_controller/metal.rb:190:in `dispatch'
actionpack (5.0.3) lib/action_controller/metal.rb:262:in `dispatch'
actionpack (5.0.3) lib/action_dispatch/routing/route_set.rb:50:in `dispatch'
actionpack (5.0.3) lib/action_dispatch/routing/route_set.rb:32:in `serve'
actionpack (5.0.3) lib/action_dispatch/journey/router.rb:39:in `block in serve'
actionpack (5.0.3) lib/action_dispatch/journey/router.rb:26:in `each'
actionpack (5.0.3) lib/action_dispatch/journey/router.rb:26:in `serve'
actionpack (5.0.3) lib/action_dispatch/routing/route_set.rb:725:in `call'
rack (2.0.2) lib/rack/etag.rb:25:in `call'
rack (2.0.2) lib/rack/conditional_get.rb:25:in `call'
rack (2.0.2) lib/rack/head.rb:12:in `call'
rack (2.0.2) lib/rack/session/abstract/id.rb:232:in `context'
rack (2.0.2) lib/rack/session/abstract/id.rb:226:in `call'
actionpack (5.0.3) lib/action_dispatch/middleware/cookies.rb:613:in `call'
activerecord (5.0.3) lib/active_record/migration.rb:553:in `call'
actionpack (5.0.3) lib/action_dispatch/middleware/callbacks.rb:38:in `block in call'
activesupport (5.0.3) lib/active_support/callbacks.rb:97:in `__run_callbacks__'
activesupport (5.0.3) lib/active_support/callbacks.rb:750:in `_run_call_callbacks'
activesupport (5.0.3) lib/active_support/callbacks.rb:90:in `run_callbacks'
actionpack (5.0.3) lib/action_dispatch/middleware/callbacks.rb:36:in `call'
actionpack (5.0.3) lib/action_dispatch/middleware/executor.rb:12:in `call'
actionpack (5.0.3) lib/action_dispatch/middleware/remote_ip.rb:79:in `call'
actionpack (5.0.3) lib/action_dispatch/middleware/debug_exceptions.rb:49:in `call'
web-console (3.5.1) lib/web_console/middleware.rb:135:in `call_app'
web-console (3.5.1) lib/web_console/middleware.rb:28:in `block in call'
web-console (3.5.1) lib/web_console/middleware.rb:18:in `catch'
web-console (3.5.1) lib/web_console/middleware.rb:18:in `call'
actionpack (5.0.3) lib/action_dispatch/middleware/show_exceptions.rb:31:in `call'
railties (5.0.3) lib/rails/rack/logger.rb:36:in `call_app'
railties (5.0.3) lib/rails/rack/logger.rb:24:in `block in call'
activesupport (5.0.3) lib/active_support/tagged_logging.rb:69:in `block in tagged'
activesupport (5.0.3) lib/active_support/tagged_logging.rb:26:in `tagged'
activesupport (5.0.3) lib/active_support/tagged_logging.rb:69:in `tagged'
railties (5.0.3) lib/rails/rack/logger.rb:24:in `call'
sprockets-rails (3.2.0) lib/sprockets/rails/quiet_assets.rb:13:in `call'
actionpack (5.0.3) lib/action_dispatch/middleware/request_id.rb:24:in `call'
rack (2.0.2) lib/rack/method_override.rb:22:in `call'
rack (2.0.2) lib/rack/runtime.rb:22:in `call'
activesupport (5.0.3) lib/active_support/cache/strategy/local_cache_middleware.rb:28:in `call'
actionpack (5.0.3) lib/action_dispatch/middleware/executor.rb:12:in `call'
actionpack (5.0.3) lib/action_dispatch/middleware/static.rb:136:in `call'
rack (2.0.2) lib/rack/sendfile.rb:111:in `call'
railties (5.0.3) lib/rails/engine.rb:522:in `call'
puma (3.8.2) lib/puma/configuration.rb:224:in `call'
puma (3.8.2) lib/puma/server.rb:600:in `handle_request'
puma (3.8.2) lib/puma/server.rb:435:in `process_client'
puma (3.8.2) lib/puma/server.rb:299:in `block in run'
puma (3.8.2) lib/puma/thread_pool.rb:120:in `block in spawn_thread'
  Rendering /Users/santoshturamari/.rvm/gems/ruby-2.4.2@2.4.2_rails5/gems/actionpack-5.0.3/lib/action_dispatch/middleware/templates/rescues/diagnostics.html.erb within rescues/layout
  Rendering /Users/santoshturamari/.rvm/gems/ruby-2.4.2@2.4.2_rails5/gems/actionpack-5.0.3/lib/action_dispatch/middleware/templates/rescues/_source.html.erb
  Rendered /Users/santoshturamari/.rvm/gems/ruby-2.4.2@2.4.2_rails5/gems/actionpack-5.0.3/lib/action_dispatch/middleware/templates/rescues/_source.html.erb (3.0ms)
  Rendering /Users/santoshturamari/.rvm/gems/ruby-2.4.2@2.4.2_rails5/gems/actionpack-5.0.3/lib/action_dispatch/middleware/templates/rescues/_trace.html.erb
  Rendered /Users/santoshturamari/.rvm/gems/ruby-2.4.2@2.4.2_rails5/gems/actionpack-5.0.3/lib/action_dispatch/middleware/templates/rescues/_trace.html.erb (1.4ms)
  Rendering /Users/santoshturamari/.rvm/gems/ruby-2.4.2@2.4.2_rails5/gems/actionpack-5.0.3/lib/action_dispatch/middleware/templates/rescues/_request_and_response.html.erb
  Rendered /Users/santoshturamari/.rvm/gems/ruby-2.4.2@2.4.2_rails5/gems/actionpack-5.0.3/lib/action_dispatch/middleware/templates/rescues/_request_and_response.html.erb (0.8ms)
  Rendered /Users/santoshturamari/.rvm/gems/ruby-2.4.2@2.4.2_rails5/gems/actionpack-5.0.3/lib/action_dispatch/middleware/templates/rescues/diagnostics.html.erb within rescues/layout (155.8ms)
Started GET "/stocks" for 127.0.0.1 at 2018-05-04 18:03:43 +0530
Processing by StocksController#index as HTML
[active_model_serializers] Rendered ActiveModel::Serializer::Null with Hash (0.09ms)
Filter chain halted as :ensure_json rendered or redirected
Completed 406 Not Acceptable in 4ms (Views: 4.0ms | ActiveRecord: 0.0ms)


Started GET "/stocks" for 127.0.0.1 at 2018-05-04 18:03:57 +0530
Processing by StocksController#index as HTML
  [1m[36mStock Load (0.8ms)[0m  [1m[34mSELECT "stocks".* FROM "stocks" WHERE "stocks"."deleted_at" IS NULL[0m
[active_model_serializers] Rendered ActiveModel::Serializer::CollectionSerializer with ActiveModelSerializers::Adapter::Attributes (0.14ms)
Completed 200 OK in 25ms (Views: 12.7ms | ActiveRecord: 1.1ms)


Started GET "/stocks" for 127.0.0.1 at 2018-05-04 18:04:03 +0530
Processing by StocksController#index as */*
  [1m[36mStock Load (0.1ms)[0m  [1m[34mSELECT "stocks".* FROM "stocks" WHERE "stocks"."deleted_at" IS NULL[0m
[active_model_serializers] Rendered ActiveModel::Serializer::CollectionSerializer with ActiveModelSerializers::Adapter::Attributes (0.04ms)
Completed 200 OK in 1ms (Views: 0.6ms | ActiveRecord: 0.1ms)


Started POST "/stocks" for 127.0.0.1 at 2018-05-04 18:06:24 +0530
Processing by StocksController#create as HTML
  Parameters: {"name"=>"ABC Company", "bearer_name"=>"Tina Rudwik", "value_cents"=>"2000", "currency"=>"EUR", "stock"=>{"name"=>"ABC Company"}}
  [1m[35m (0.0ms)[0m  [1m[36mbegin transaction[0m
  [1m[35m (0.1ms)[0m  [1m[31mrollback transaction[0m
[active_model_serializers] Rendered ActiveModel::Serializer::Null with Hash (0.08ms)
Completed 422 Unprocessable Entity in 32ms (Views: 3.3ms | ActiveRecord: 0.4ms)


Started POST "/stocks" for 127.0.0.1 at 2018-05-04 18:11:48 +0530
Processing by StocksController#create as HTML
  Parameters: {"{name"=>"ABC Company", "bearer_name"=>"Tina Rudwik", "value_cents"=>"2000", "currency"=>"EUR}", "stock"=>{}}
Completed 400 Bad Request in 0ms (ActiveRecord: 0.0ms)


  
ActionController::ParameterMissing (param is missing or the value is empty: stock):
  
app/controllers/stocks_controller.rb:48:in `stock_params'
app/controllers/stocks_controller.rb:9:in `create'
  Rendering /Users/santoshturamari/.rvm/gems/ruby-2.4.2@2.4.2_rails5/gems/actionpack-5.0.3/lib/action_dispatch/middleware/templates/rescues/diagnostics.html.erb within rescues/layout
  Rendering /Users/santoshturamari/.rvm/gems/ruby-2.4.2@2.4.2_rails5/gems/actionpack-5.0.3/lib/action_dispatch/middleware/templates/rescues/_source.html.erb
  Rendered /Users/santoshturamari/.rvm/gems/ruby-2.4.2@2.4.2_rails5/gems/actionpack-5.0.3/lib/action_dispatch/middleware/templates/rescues/_source.html.erb (3.9ms)
  Rendering /Users/santoshturamari/.rvm/gems/ruby-2.4.2@2.4.2_rails5/gems/actionpack-5.0.3/lib/action_dispatch/middleware/templates/rescues/_trace.html.erb
  Rendered /Users/santoshturamari/.rvm/gems/ruby-2.4.2@2.4.2_rails5/gems/actionpack-5.0.3/lib/action_dispatch/middleware/templates/rescues/_trace.html.erb (1.5ms)
  Rendering /Users/santoshturamari/.rvm/gems/ruby-2.4.2@2.4.2_rails5/gems/actionpack-5.0.3/lib/action_dispatch/middleware/templates/rescues/_request_and_response.html.erb
  Rendered /Users/santoshturamari/.rvm/gems/ruby-2.4.2@2.4.2_rails5/gems/actionpack-5.0.3/lib/action_dispatch/middleware/templates/rescues/_request_and_response.html.erb (1.0ms)
  Rendered /Users/santoshturamari/.rvm/gems/ruby-2.4.2@2.4.2_rails5/gems/actionpack-5.0.3/lib/action_dispatch/middleware/templates/rescues/diagnostics.html.erb within rescues/layout (93.1ms)
Started POST "/stocks" for 127.0.0.1 at 2018-05-04 18:12:15 +0530
Processing by StocksController#create as HTML
  Parameters: {"name"=>"ABC Company,bearer_name=Tina Rudwik", "value_cents"=>"2000", "currency"=>"EUR}", "stock"=>{"name"=>"ABC Company,bearer_name=Tina Rudwik"}}
  [1m[35m (0.0ms)[0m  [1m[36mbegin transaction[0m
  [1m[35m (0.0ms)[0m  [1m[31mrollback transaction[0m
[active_model_serializers] Rendered ActiveModel::Serializer::Null with Hash (0.11ms)
Completed 422 Unprocessable Entity in 3ms (Views: 0.6ms | ActiveRecord: 0.1ms)


Started POST "/stocks" for 127.0.0.1 at 2018-05-04 18:12:38 +0530
Processing by StocksController#create as HTML
  Parameters: {"name"=>"ABC Company,bearer_name=Tina Rudwik,value_cents=2000,currency=EUR", "stock"=>{"name"=>"ABC Company,bearer_name=Tina Rudwik,value_cents=2000,currency=EUR"}}
  [1m[35m (0.0ms)[0m  [1m[36mbegin transaction[0m
  [1m[35m (0.0ms)[0m  [1m[31mrollback transaction[0m
[active_model_serializers] Rendered ActiveModel::Serializer::Null with Hash (0.08ms)
Completed 422 Unprocessable Entity in 3ms (Views: 0.5ms | ActiveRecord: 0.1ms)


Started POST "/stocks" for 127.0.0.1 at 2018-05-04 18:13:04 +0530
Processing by StocksController#create as HTML
  Parameters: {"name"=>"ABC Company", "bearer_name"=>"Tina Rudwik", "value_cents"=>"2000", "currency"=>"EUR", "stock"=>{"name"=>"ABC Company"}}
  [1m[35m (0.0ms)[0m  [1m[36mbegin transaction[0m
  [1m[35m (0.0ms)[0m  [1m[31mrollback transaction[0m
[active_model_serializers] Rendered ActiveModel::Serializer::Null with Hash (0.06ms)
Completed 422 Unprocessable Entity in 3ms (Views: 0.5ms | ActiveRecord: 0.1ms)


Started POST "/stocks%7Bname=ABC%20Company" for 127.0.0.1 at 2018-05-04 20:03:57 +0530
  
ActionController::RoutingError (No route matches [POST] "/stocks%7Bname=ABC%20Company"):
  
actionpack (5.0.3) lib/action_dispatch/middleware/debug_exceptions.rb:53:in `call'
web-console (3.5.1) lib/web_console/middleware.rb:135:in `call_app'
web-console (3.5.1) lib/web_console/middleware.rb:28:in `block in call'
web-console (3.5.1) lib/web_console/middleware.rb:18:in `catch'
web-console (3.5.1) lib/web_console/middleware.rb:18:in `call'
actionpack (5.0.3) lib/action_dispatch/middleware/show_exceptions.rb:31:in `call'
railties (5.0.3) lib/rails/rack/logger.rb:36:in `call_app'
railties (5.0.3) lib/rails/rack/logger.rb:24:in `block in call'
activesupport (5.0.3) lib/active_support/tagged_logging.rb:69:in `block in tagged'
activesupport (5.0.3) lib/active_support/tagged_logging.rb:26:in `tagged'
activesupport (5.0.3) lib/active_support/tagged_logging.rb:69:in `tagged'
railties (5.0.3) lib/rails/rack/logger.rb:24:in `call'
sprockets-rails (3.2.0) lib/sprockets/rails/quiet_assets.rb:13:in `call'
actionpack (5.0.3) lib/action_dispatch/middleware/request_id.rb:24:in `call'
rack (2.0.2) lib/rack/method_override.rb:22:in `call'
rack (2.0.2) lib/rack/runtime.rb:22:in `call'
activesupport (5.0.3) lib/active_support/cache/strategy/local_cache_middleware.rb:28:in `call'
actionpack (5.0.3) lib/action_dispatch/middleware/executor.rb:12:in `call'
actionpack (5.0.3) lib/action_dispatch/middleware/static.rb:136:in `call'
rack (2.0.2) lib/rack/sendfile.rb:111:in `call'
railties (5.0.3) lib/rails/engine.rb:522:in `call'
puma (3.8.2) lib/puma/configuration.rb:224:in `call'
puma (3.8.2) lib/puma/server.rb:600:in `handle_request'
puma (3.8.2) lib/puma/server.rb:435:in `process_client'
puma (3.8.2) lib/puma/server.rb:299:in `block in run'
puma (3.8.2) lib/puma/thread_pool.rb:120:in `block in spawn_thread'
  Rendering /Users/santoshturamari/.rvm/gems/ruby-2.4.2@2.4.2_rails5/gems/actionpack-5.0.3/lib/action_dispatch/middleware/templates/rescues/routing_error.html.erb within rescues/layout
  Rendering /Users/santoshturamari/.rvm/gems/ruby-2.4.2@2.4.2_rails5/gems/actionpack-5.0.3/lib/action_dispatch/middleware/templates/rescues/_trace.html.erb
  Rendered /Users/santoshturamari/.rvm/gems/ruby-2.4.2@2.4.2_rails5/gems/actionpack-5.0.3/lib/action_dispatch/middleware/templates/rescues/_trace.html.erb (1.1ms)
  Rendered collection of /Users/santoshturamari/.rvm/gems/ruby-2.4.2@2.4.2_rails5/gems/actionpack-5.0.3/lib/action_dispatch/middleware/templates/routes/_route.html.erb [8 times] (16.0ms)
  Rendered /Users/santoshturamari/.rvm/gems/ruby-2.4.2@2.4.2_rails5/gems/actionpack-5.0.3/lib/action_dispatch/middleware/templates/routes/_table.html.erb (31.1ms)
  Rendering /Users/santoshturamari/.rvm/gems/ruby-2.4.2@2.4.2_rails5/gems/actionpack-5.0.3/lib/action_dispatch/middleware/templates/rescues/_request_and_response.html.erb
  Rendered /Users/santoshturamari/.rvm/gems/ruby-2.4.2@2.4.2_rails5/gems/actionpack-5.0.3/lib/action_dispatch/middleware/templates/rescues/_request_and_response.html.erb (0.8ms)
  Rendered /Users/santoshturamari/.rvm/gems/ruby-2.4.2@2.4.2_rails5/gems/actionpack-5.0.3/lib/action_dispatch/middleware/templates/rescues/routing_error.html.erb within rescues/layout (176.3ms)
Started POST "/stocks" for 127.0.0.1 at 2018-05-04 20:05:47 +0530
Processing by StocksController#create as HTML
  Parameters: {"bearer_name"=>"Tina Rudwik", "value_cents"=>"2000", "currency"=>"EUR}", "stock"=>{}}
Completed 400 Bad Request in 0ms (ActiveRecord: 0.0ms)


  
ActionController::ParameterMissing (param is missing or the value is empty: stock):
  
app/controllers/stocks_controller.rb:48:in `stock_params'
app/controllers/stocks_controller.rb:9:in `create'
  Rendering /Users/santoshturamari/.rvm/gems/ruby-2.4.2@2.4.2_rails5/gems/actionpack-5.0.3/lib/action_dispatch/middleware/templates/rescues/diagnostics.html.erb within rescues/layout
  Rendering /Users/santoshturamari/.rvm/gems/ruby-2.4.2@2.4.2_rails5/gems/actionpack-5.0.3/lib/action_dispatch/middleware/templates/rescues/_source.html.erb
  Rendered /Users/santoshturamari/.rvm/gems/ruby-2.4.2@2.4.2_rails5/gems/actionpack-5.0.3/lib/action_dispatch/middleware/templates/rescues/_source.html.erb (3.4ms)
  Rendering /Users/santoshturamari/.rvm/gems/ruby-2.4.2@2.4.2_rails5/gems/actionpack-5.0.3/lib/action_dispatch/middleware/templates/rescues/_trace.html.erb
  Rendered /Users/santoshturamari/.rvm/gems/ruby-2.4.2@2.4.2_rails5/gems/actionpack-5.0.3/lib/action_dispatch/middleware/templates/rescues/_trace.html.erb (1.2ms)
  Rendering /Users/santoshturamari/.rvm/gems/ruby-2.4.2@2.4.2_rails5/gems/actionpack-5.0.3/lib/action_dispatch/middleware/templates/rescues/_request_and_response.html.erb
  Rendered /Users/santoshturamari/.rvm/gems/ruby-2.4.2@2.4.2_rails5/gems/actionpack-5.0.3/lib/action_dispatch/middleware/templates/rescues/_request_and_response.html.erb (1.1ms)
  Rendered /Users/santoshturamari/.rvm/gems/ruby-2.4.2@2.4.2_rails5/gems/actionpack-5.0.3/lib/action_dispatch/middleware/templates/rescues/diagnostics.html.erb within rescues/layout (93.9ms)
Started POST "/stocks" for 127.0.0.1 at 2018-05-04 20:07:25 +0530
Processing by StocksController#create as HTML
  Parameters: {"bearer_name"=>"Tina Rudwik", "value_cents"=>"2000", "currency"=>"EUR}", "stock"=>{}}
Completed 400 Bad Request in 0ms (ActiveRecord: 0.0ms)


  
ActionController::ParameterMissing (param is missing or the value is empty: stock):
  
app/controllers/stocks_controller.rb:48:in `stock_params'
app/controllers/stocks_controller.rb:9:in `create'
  Rendering /Users/santoshturamari/.rvm/gems/ruby-2.4.2@2.4.2_rails5/gems/actionpack-5.0.3/lib/action_dispatch/middleware/templates/rescues/diagnostics.html.erb within rescues/layout
  Rendering /Users/santoshturamari/.rvm/gems/ruby-2.4.2@2.4.2_rails5/gems/actionpack-5.0.3/lib/action_dispatch/middleware/templates/rescues/_source.html.erb
  Rendered /Users/santoshturamari/.rvm/gems/ruby-2.4.2@2.4.2_rails5/gems/actionpack-5.0.3/lib/action_dispatch/middleware/templates/rescues/_source.html.erb (2.5ms)
  Rendering /Users/santoshturamari/.rvm/gems/ruby-2.4.2@2.4.2_rails5/gems/actionpack-5.0.3/lib/action_dispatch/middleware/templates/rescues/_trace.html.erb
  Rendered /Users/santoshturamari/.rvm/gems/ruby-2.4.2@2.4.2_rails5/gems/actionpack-5.0.3/lib/action_dispatch/middleware/templates/rescues/_trace.html.erb (1.3ms)
  Rendering /Users/santoshturamari/.rvm/gems/ruby-2.4.2@2.4.2_rails5/gems/actionpack-5.0.3/lib/action_dispatch/middleware/templates/rescues/_request_and_response.html.erb
  Rendered /Users/santoshturamari/.rvm/gems/ruby-2.4.2@2.4.2_rails5/gems/actionpack-5.0.3/lib/action_dispatch/middleware/templates/rescues/_request_and_response.html.erb (0.6ms)
  Rendered /Users/santoshturamari/.rvm/gems/ruby-2.4.2@2.4.2_rails5/gems/actionpack-5.0.3/lib/action_dispatch/middleware/templates/rescues/diagnostics.html.erb within rescues/layout (77.4ms)
Started POST "/stocks" for 127.0.0.1 at 2018-05-04 20:07:57 +0530
Processing by StocksController#create as HTML
  Parameters: {"bearer_name"=>"Tina Rudwik", "value_cents"=>"2000", "currency"=>"EUR}", "stock"=>{}}
Completed 400 Bad Request in 0ms (ActiveRecord: 0.0ms)


  
ActionController::ParameterMissing (param is missing or the value is empty: stock):
  
app/controllers/stocks_controller.rb:48:in `stock_params'
app/controllers/stocks_controller.rb:9:in `create'
  Rendering /Users/santoshturamari/.rvm/gems/ruby-2.4.2@2.4.2_rails5/gems/actionpack-5.0.3/lib/action_dispatch/middleware/templates/rescues/diagnostics.html.erb within rescues/layout
  Rendering /Users/santoshturamari/.rvm/gems/ruby-2.4.2@2.4.2_rails5/gems/actionpack-5.0.3/lib/action_dispatch/middleware/templates/rescues/_source.html.erb
  Rendered /Users/santoshturamari/.rvm/gems/ruby-2.4.2@2.4.2_rails5/gems/actionpack-5.0.3/lib/action_dispatch/middleware/templates/rescues/_source.html.erb (2.8ms)
  Rendering /Users/santoshturamari/.rvm/gems/ruby-2.4.2@2.4.2_rails5/gems/actionpack-5.0.3/lib/action_dispatch/middleware/templates/rescues/_trace.html.erb
  Rendered /Users/santoshturamari/.rvm/gems/ruby-2.4.2@2.4.2_rails5/gems/actionpack-5.0.3/lib/action_dispatch/middleware/templates/rescues/_trace.html.erb (1.3ms)
  Rendering /Users/santoshturamari/.rvm/gems/ruby-2.4.2@2.4.2_rails5/gems/actionpack-5.0.3/lib/action_dispatch/middleware/templates/rescues/_request_and_response.html.erb
  Rendered /Users/santoshturamari/.rvm/gems/ruby-2.4.2@2.4.2_rails5/gems/actionpack-5.0.3/lib/action_dispatch/middleware/templates/rescues/_request_and_response.html.erb (0.6ms)
  Rendered /Users/santoshturamari/.rvm/gems/ruby-2.4.2@2.4.2_rails5/gems/actionpack-5.0.3/lib/action_dispatch/middleware/templates/rescues/diagnostics.html.erb within rescues/layout (81.2ms)
Started POST "/stocks" for 127.0.0.1 at 2018-05-04 20:16:12 +0530
Processing by StocksController#create as HTML
  Parameters: {"stock"=>{"name"=>"ABC Company", "bearer_name"=>"Tina Rudwik", "value_cents"=>2000, "currency"=>"EUR"}}
  [1m[35m (0.1ms)[0m  [1m[36mbegin transaction[0m
  [1m[36mBearer Load (0.5ms)[0m  [1m[34mSELECT  "bearers".* FROM "bearers" WHERE "bearers"."name" = ? ORDER BY "bearers"."id" ASC LIMIT ?[0m  [["name", "Tina Rudwik"], ["LIMIT", 1]]
  [1m[36mBearer Exists (0.1ms)[0m  [1m[34mSELECT  1 AS one FROM "bearers" WHERE "bearers"."name" = ? LIMIT ?[0m  [["name", "Tina Rudwik"], ["LIMIT", 1]]
  [1m[35mSQL (0.5ms)[0m  [1m[32mINSERT INTO "bearers" ("name", "created_at", "updated_at") VALUES (?, ?, ?)[0m  [["name", "Tina Rudwik"], ["created_at", "2018-05-04 14:46:12.173245"], ["updated_at", "2018-05-04 14:46:12.173245"]]
  [1m[36mMarketPrice Load (0.1ms)[0m  [1m[34mSELECT  "market_prices".* FROM "market_prices" WHERE "market_prices"."currency" = ? AND "market_prices"."value_cents" = ? ORDER BY "market_prices"."id" ASC LIMIT ?[0m  [["currency", "EUR"], ["value_cents", 2000], ["LIMIT", 1]]
  [1m[36mMarketPrice Exists (0.1ms)[0m  [1m[34mSELECT  1 AS one FROM "market_prices" WHERE "market_prices"."currency" = ? AND "market_prices"."value_cents" = ? LIMIT ?[0m  [["currency", "EUR"], ["value_cents", 2000], ["LIMIT", 1]]
  [1m[35mSQL (0.1ms)[0m  [1m[32mINSERT INTO "market_prices" ("currency", "value_cents", "created_at", "updated_at") VALUES (?, ?, ?, ?)[0m  [["currency", "EUR"], ["value_cents", 2000], ["created_at", "2018-05-04 14:46:12.179299"], ["updated_at", "2018-05-04 14:46:12.179299"]]
  [1m[35mSQL (0.2ms)[0m  [1m[32mINSERT INTO "stocks" ("name", "bearer_id", "market_price_id", "created_at", "updated_at") VALUES (?, ?, ?, ?, ?)[0m  [["name", "ABC Company"], ["bearer_id", 1], ["market_price_id", 1], ["created_at", "2018-05-04 14:46:12.180567"], ["updated_at", "2018-05-04 14:46:12.180567"]]
  [1m[35m (2.4ms)[0m  [1m[36mcommit transaction[0m
[active_model_serializers] Rendered StockSerializer with ActiveModelSerializers::Adapter::Attributes (1.9ms)
Completed 200 OK in 35ms (Views: 7.2ms | ActiveRecord: 4.6ms)


Started POST "/stocks" for 127.0.0.1 at 2018-05-04 20:16:32 +0530
Processing by StocksController#create as */*
Completed 400 Bad Request in 0ms (ActiveRecord: 0.0ms)


  
ActionController::ParameterMissing (param is missing or the value is empty: stock):
  
app/controllers/stocks_controller.rb:48:in `stock_params'
app/controllers/stocks_controller.rb:9:in `create'
  Rendering /Users/santoshturamari/.rvm/gems/ruby-2.4.2@2.4.2_rails5/gems/actionpack-5.0.3/lib/action_dispatch/middleware/templates/rescues/diagnostics.html.erb within rescues/layout
  Rendering /Users/santoshturamari/.rvm/gems/ruby-2.4.2@2.4.2_rails5/gems/actionpack-5.0.3/lib/action_dispatch/middleware/templates/rescues/_source.html.erb
  Rendered /Users/santoshturamari/.rvm/gems/ruby-2.4.2@2.4.2_rails5/gems/actionpack-5.0.3/lib/action_dispatch/middleware/templates/rescues/_source.html.erb (2.3ms)
  Rendering /Users/santoshturamari/.rvm/gems/ruby-2.4.2@2.4.2_rails5/gems/actionpack-5.0.3/lib/action_dispatch/middleware/templates/rescues/_trace.html.erb
  Rendered /Users/santoshturamari/.rvm/gems/ruby-2.4.2@2.4.2_rails5/gems/actionpack-5.0.3/lib/action_dispatch/middleware/templates/rescues/_trace.html.erb (1.0ms)
  Rendering /Users/santoshturamari/.rvm/gems/ruby-2.4.2@2.4.2_rails5/gems/actionpack-5.0.3/lib/action_dispatch/middleware/templates/rescues/_request_and_response.html.erb
  Rendered /Users/santoshturamari/.rvm/gems/ruby-2.4.2@2.4.2_rails5/gems/actionpack-5.0.3/lib/action_dispatch/middleware/templates/rescues/_request_and_response.html.erb (0.7ms)
  Rendered /Users/santoshturamari/.rvm/gems/ruby-2.4.2@2.4.2_rails5/gems/actionpack-5.0.3/lib/action_dispatch/middleware/templates/rescues/diagnostics.html.erb within rescues/layout (80.3ms)
Started GET "/stocks" for 127.0.0.1 at 2018-05-04 20:16:43 +0530
Processing by StocksController#index as */*
  [1m[36mStock Load (0.1ms)[0m  [1m[34mSELECT "stocks".* FROM "stocks" WHERE "stocks"."deleted_at" IS NULL[0m
  [1m[36mBearer Load (0.1ms)[0m  [1m[34mSELECT "bearers".* FROM "bearers" WHERE "bearers"."id" = 1[0m
  [1m[36mMarketPrice Load (0.1ms)[0m  [1m[34mSELECT "market_prices".* FROM "market_prices" WHERE "market_prices"."id" = 1[0m
[active_model_serializers] Rendered ActiveModel::Serializer::CollectionSerializer with ActiveModelSerializers::Adapter::Attributes (0.83ms)
Completed 200 OK in 14ms (Views: 13.4ms | ActiveRecord: 0.4ms)


